1639089902509	geckodriver	INFO	Listening on 127.0.0.1:54231
1639089905279	mozrunner::runner	INFO	Running command: "C:\\Program Files\\Mozilla Firefox\\firefox.exe" "--marionette" "-no-remote" "-profile" "C:\\Users\\miche\\AppData\\Local\\Temp\\rust_mozprofiledixVrt"
1639089915885	geckodriver	INFO	Listening on 127.0.0.1:54333
1639089918686	mozrunner::runner	INFO	Running command: "C:\\Program Files\\Mozilla Firefox\\firefox.exe" "--marionette" "-no-remote" "-profile" "C:\\Users\\miche\\AppData\\Local\\Temp\\rust_mozprofileO2PWbi"
1639089919241	addons.webextension.doh-rollout@mozilla.org	WARN	Loading extension 'doh-rollout@mozilla.org': Reading manifest: Invalid extension permission: networkStatus
1639089919359	addons.webextension.screenshots@mozilla.org	WARN	Loading extension 'screenshots@mozilla.org': Reading manifest: Invalid extension permission: mozillaAddons
1639089919359	addons.webextension.screenshots@mozilla.org	WARN	Loading extension 'screenshots@mozilla.org': Reading manifest: Invalid extension permission: telemetry
1639089919359	addons.webextension.screenshots@mozilla.org	WARN	Loading extension 'screenshots@mozilla.org': Reading manifest: Invalid extension permission: resource://pdf.js/
1639089919359	addons.webextension.screenshots@mozilla.org	WARN	Loading extension 'screenshots@mozilla.org': Reading manifest: Invalid extension permission: about:reader*
JavaScript error: resource://gre/modules/XULStore.jsm, line 66: Error: Can't find profile directory.
1639089921707	Marionette	INFO	Listening on port 54343
1639089921856	Marionette	WARN	TLS certificate errors will be ignored for this session
JavaScript error: http://tabnet.datasus.gov.br/cgi/deftohtm.exe?sim/cnv/pext10mg.def, line 1: ReferenceError: marcaTodos is not defined
JavaScript error: http://tabnet.datasus.gov.br/cgi/deftohtm.exe?sim/cnv/pext10mg.def, line 1: ReferenceError: marcaTodos is not defined
JavaScript error: http://tabnet.datasus.gov.br/cgi/deftohtm.exe?sim/cnv/pext10mg.def, line 1: ReferenceError: marcaTodos is not defined
JavaScript error: http://tabnet.datasus.gov.br/cgi/deftohtm.exe?sim/cnv/pext10mg.def, line 1: ReferenceError: marcaTodos is not defined
JavaScript error: http://tabnet.datasus.gov.br/cgi/deftohtm.exe?sim/cnv/pext10mg.def, line 1: ReferenceError: marcaTodos is not defined
JavaScript error: http://tabnet.datasus.gov.br/cgi/deftohtm.exe?sim/cnv/pext10mg.def, line 1: ReferenceError: marcaTodos is not defined
JavaScript error: http://tabnet.datasus.gov.br/cgi/deftohtm.exe?sim/cnv/pext10mg.def, line 1: ReferenceError: marcaTodos is not defined
JavaScript error: http://tabnet.datasus.gov.br/cgi/deftohtm.exe?sim/cnv/pext10mg.def, line 1: ReferenceError: marcaTodos is not defined
JavaScript error: http://tabnet.datasus.gov.br/cgi/deftohtm.exe?sim/cnv/pext10mg.def, line 1: ReferenceError: marcaTodos is not defined
JavaScript error: http://tabnet.datasus.gov.br/cgi/deftohtm.exe?sim/cnv/pext10mg.def, line 1: ReferenceError: marcaTodos is not defined
JavaScript error: http://tabnet.datasus.gov.br/cgi/deftohtm.exe?sim/cnv/pext10mg.def, line 1: ReferenceError: marcaTodos is not defined
JavaScript error: http://tabnet.datasus.gov.br/cgi/deftohtm.exe?sim/cnv/pext10mg.def, line 1: ReferenceError: marcaTodos is not defined
JavaScript error: http://tabnet.datasus.gov.br/cgi/deftohtm.exe?sim/cnv/pext10mg.def, line 1: ReferenceError: marcaTodos is not defined
JavaScript error: http://tabnet.datasus.gov.br/cgi/deftohtm.exe?sim/cnv/pext10mg.def, line 1: ReferenceError: marcaTodos is not defined
1639090217642	Marionette	INFO	Stopped listening on port 54343

###!!! [Child][MessageChannel::SendAndWait] Error: Channel error: cannot send/recv

